# JRE version: Java(TM) SE Runtime Environment (8.0_111-b14) (build 1.8.0_111-b14)
# Java VM: Java HotSpot(TM) 64-Bit Server VM (25.111-b14 mixed mode windows-amd64 compressed oops)
Heap:
 PSYoungGen      total 195072K, used 166817K [0x00000000eab00000, 0x00000000fa780000, 0x0000000100000000)
  eden space 169984K, 83% used [0x00000000eab00000,0x00000000f356a398,0x00000000f5100000)
  from space 25088K, 99% used [0x00000000f5100000,0x00000000f697e0a0,0x00000000f6980000)
  to   space 32256K, 0% used [0x00000000f8800000,0x00000000f8800000,0x00000000fa780000)
 ParOldGen       total 104448K, used 51681K [0x00000000c0000000, 0x00000000c6600000, 0x00000000eab00000)
  object space 104448K, 49% used [0x00000000c0000000,0x00000000c3278448,0x00000000c6600000)
 Metaspace       used 51195K, capacity 52700K, committed 52776K, reserved 1095680K
  class space    used 7065K, capacity 7412K, committed 7464K, reserved 1048576K
GC Heap History (10 events):
Event: 4.450 GC heap before
{Heap before GC invocations=9 (full 1):
 PSYoungGen      total 140288K, used 81860K [0x00000000eab00000, 0x00000000f5300000, 0x0000000100000000)
  eden space 130560K, 55% used [0x00000000eab00000,0x00000000ef19c498,0x00000000f2a80000)
  from space 9728K, 98% used [0x00000000f2a80000,0x00000000f33d4ea0,0x00000000f3400000)
  to   space 10752K, 0% used [0x00000000f4880000,0x00000000f4880000,0x00000000f5300000)
 ParOldGen       total 60416K, used 7766K [0x00000000c0000000, 0x00000000c3b00000, 0x00000000eab00000)
  object space 60416K, 12% used [0x00000000c0000000,0x00000000c0795ad0,0x00000000c3b00000)
 Metaspace       used 34736K, capacity 35242K, committed 35496K, reserved 1079296K
  class space    used 5084K, capacity 5262K, committed 5288K, reserved 1048576K
Event: 4.464 GC heap after
Heap after GC invocations=9 (full 1):
 PSYoungGen      total 159232K, used 10724K [0x00000000eab00000, 0x00000000f8400000, 0x0000000100000000)
  eden space 148480K, 0% used [0x00000000eab00000,0x00000000eab00000,0x00000000f3c00000)
  from space 10752K, 99% used [0x00000000f4880000,0x00000000f52f9030,0x00000000f5300000)
  to   space 12800K, 0% used [0x00000000f3c00000,0x00000000f3c00000,0x00000000f4880000)
 ParOldGen       total 60416K, used 10400K [0x00000000c0000000, 0x00000000c3b00000, 0x00000000eab00000)
  object space 60416K, 17% used [0x00000000c0000000,0x00000000c0a28238,0x00000000c3b00000)
 Metaspace       used 34736K, capacity 35242K, committed 35496K, reserved 1079296K
  class space    used 5084K, capacity 5262K, committed 5288K, reserved 1048576K
}
Event: 4.464 GC heap before
{Heap before GC invocations=10 (full 2):
 PSYoungGen      total 159232K, used 10724K [0x00000000eab00000, 0x00000000f8400000, 0x0000000100000000)
  eden space 148480K, 0% used [0x00000000eab00000,0x00000000eab00000,0x00000000f3c00000)
  from space 10752K, 99% used [0x00000000f4880000,0x00000000f52f9030,0x00000000f5300000)
  to   space 12800K, 0% used [0x00000000f3c00000,0x00000000f3c00000,0x00000000f4880000)
 ParOldGen       total 60416K, used 10400K [0x00000000c0000000, 0x00000000c3b00000, 0x00000000eab00000)
  object space 60416K, 17% used [0x00000000c0000000,0x00000000c0a28238,0x00000000c3b00000)
 Metaspace       used 34736K, capacity 35242K, committed 35496K, reserved 1079296K
  class space    used 5084K, capacity 5262K, committed 5288K, reserved 1048576K
Event: 4.560 GC heap after
Heap after GC invocations=10 (full 2):
 PSYoungGen      total 159232K, used 0K [0x00000000eab00000, 0x00000000f8400000, 0x0000000100000000)
  eden space 148480K, 0% used [0x00000000eab00000,0x00000000eab00000,0x00000000f3c00000)
  from space 10752K, 0% used [0x00000000f4880000,0x00000000f4880000,0x00000000f5300000)
  to   space 12800K, 0% used [0x00000000f3c00000,0x00000000f3c00000,0x00000000f4880000)
 ParOldGen       total 104448K, used 19993K [0x00000000c0000000, 0x00000000c6600000, 0x00000000eab00000)
  object space 104448K, 19% used [0x00000000c0000000,0x00000000c1386438,0x00000000c6600000)
 Metaspace       used 34736K, capacity 35242K, committed 35496K, reserved 1079296K
  class space    used 5084K, capacity 5262K, committed 5288K, reserved 1048576K
}
Event: 6.871 GC heap before
{Heap before GC invocations=11 (full 2):
 PSYoungGen      total 159232K, used 148480K [0x00000000eab00000, 0x00000000f8400000, 0x0000000100000000)
  eden space 148480K, 100% used [0x00000000eab00000,0x00000000f3c00000,0x00000000f3c00000)
  from space 10752K, 0% used [0x00000000f4880000,0x00000000f4880000,0x00000000f5300000)
  to   space 12800K, 0% used [0x00000000f3c00000,0x00000000f3c00000,0x00000000f4880000)
 ParOldGen       total 104448K, used 19993K [0x00000000c0000000, 0x00000000c6600000, 0x00000000eab00000)
  object space 104448K, 19% used [0x00000000c0000000,0x00000000c1386438,0x00000000c6600000)
 Metaspace       used 39362K, capacity 40270K, committed 40488K, reserved 1083392K
  class space    used 5811K, capacity 6074K, committed 6184K, reserved 1048576K
Event: 6.891 GC heap after
Heap after GC invocations=11 (full 2):
 PSYoungGen      total 161280K, used 12770K [0x00000000eab00000, 0x00000000f7a00000, 0x0000000100000000)
  eden space 148480K, 0% used [0x00000000eab00000,0x00000000eab00000,0x00000000f3c00000)
  from space 12800K, 99% used [0x00000000f3c00000,0x00000000f4878958,0x00000000f4880000)
  to   space 16896K, 0% used [0x00000000f6980000,0x00000000f6980000,0x00000000f7a00000)
 ParOldGen       total 104448K, used 25851K [0x00000000c0000000, 0x00000000c6600000, 0x00000000eab00000)
  object space 104448K, 24% used [0x00000000c0000000,0x00000000c193ef38,0x00000000c6600000)
 Metaspace       used 39362K, capacity 40270K, committed 40488K, reserved 1083392K
  class space    used 5811K, capacity 6074K, committed 6184K, reserved 1048576K
}
Event: 17.511 GC heap before
{Heap before GC invocations=12 (full 2):
 PSYoungGen      total 161280K, used 161250K [0x00000000eab00000, 0x00000000f7a00000, 0x0000000100000000)
  eden space 148480K, 100% used [0x00000000eab00000,0x00000000f3c00000,0x00000000f3c00000)
  from space 12800K, 99% used [0x00000000f3c00000,0x00000000f4878958,0x00000000f4880000)
  to   space 16896K, 0% used [0x00000000f6980000,0x00000000f6980000,0x00000000f7a00000)
 ParOldGen       total 104448K, used 25851K [0x00000000c0000000, 0x00000000c6600000, 0x00000000eab00000)
  object space 104448K, 24% used [0x00000000c0000000,0x00000000c193ef38,0x00000000c6600000)
 Metaspace       used 44030K, capacity 45156K, committed 45352K, reserved 1087488K
  class space    used 6371K, capacity 6636K, committed 6696K, reserved 1048576K
Event: 17.550 GC heap after
Heap after GC invocations=12 (full 2):
 PSYoungGen      total 186880K, used 16868K [0x00000000eab00000, 0x00000000f8600000, 0x0000000100000000)
  eden space 169984K, 0% used [0x00000000eab00000,0x00000000eab00000,0x00000000f5100000)
  from space 16896K, 99% used [0x00000000f6980000,0x00000000f79f9040,0x00000000f7a00000)
  to   space 25088K, 0% used [0x00000000f5100000,0x00000000f5100000,0x00000000f6980000)
 ParOldGen       total 104448K, used 41772K [0x00000000c0000000, 0x00000000c6600000, 0x00000000eab00000)
  object space 104448K, 39% used [0x00000000c0000000,0x00000000c28cb378,0x00000000c6600000)
 Metaspace       used 44030K, capacity 45156K, committed 45352K, reserved 1087488K
  class space    used 6371K, capacity 6636K, committed 6696K, reserved 1048576K
}
Event: 225.330 GC heap before
{Heap before GC invocations=13 (full 2):
 PSYoungGen      total 186880K, used 186852K [0x00000000eab00000, 0x00000000f8600000, 0x0000000100000000)
  eden space 169984K, 100% used [0x00000000eab00000,0x00000000f5100000,0x00000000f5100000)
  from space 16896K, 99% used [0x00000000f6980000,0x00000000f79f9040,0x00000000f7a00000)
  to   space 25088K, 0% used [0x00000000f5100000,0x00000000f5100000,0x00000000f6980000)
 ParOldGen       total 104448K, used 41772K [0x00000000c0000000, 0x00000000c6600000, 0x00000000eab00000)
  object space 104448K, 39% used [0x00000000c0000000,0x00000000c28cb378,0x00000000c6600000)
 Metaspace       used 44727K, capacity 46058K, committed 46120K, reserved 1089536K
  class space    used 6401K, capacity 6689K, committed 6696K, reserved 1048576K
Event: 225.379 GC heap after
Heap after GC invocations=13 (full 2):
 PSYoungGen      total 195072K, used 25080K [0x00000000eab00000, 0x00000000fa780000, 0x0000000100000000)
  eden space 169984K, 0% used [0x00000000eab00000,0x00000000eab00000,0x00000000f5100000)
  from space 25088K, 99% used [0x00000000f5100000,0x00000000f697e0a0,0x00000000f6980000)
  to   space 32256K, 0% used [0x00000000f8800000,0x00000000f8800000,0x00000000fa780000)
 ParOldGen       total 104448K, used 51681K [0x00000000c0000000, 0x00000000c6600000, 0x00000000eab00000)
  object space 104448K, 49% used [0x00000000c0000000,0x00000000c3278448,0x00000000c6600000)
 Metaspace       used 44727K, capacity 46058K, committed 46120K, reserved 1089536K
  class space    used 6401K, capacity 6689K, committed 6696K, reserved 1048576K
}

